<?xml version="1.0" encoding="UTF-8"?>
<testsuite name="DateUtilsTest" tests="8" skipped="0" failures="0" errors="0" timestamp="2026-03-10T16:02:31.642Z" hostname="DESKTOP-A48EB3K" time="0.061">
  <properties/>
  <testcase name="testAddDays()" classname="DateUtilsTest" time="0.027"/>
  <testcase name="testDaysBetween()" classname="DateUtilsTest" time="0.002"/>
  <testcase name="testGetCurrentDate()" classname="DateUtilsTest" time="0.008"/>
  <testcase name="testFormatRelativeTimeFuture()" classname="DateUtilsTest" time="0.007"/>
  <testcase name="testIsValidDate()" classname="DateUtilsTest" time="0.005"/>
  <testcase name="testIsBefore()" classname="DateUtilsTest" time="0.002"/>
  <testcase name="testFormatRelativeTimePast()" classname="DateUtilsTest" time="0.001"/>
  <testcase name="testIsAfter()" classname="DateUtilsTest" time="0.001"/>
  <system-out><![CDATA[]]></system-out>
  <system-err><![CDATA[]]></system-err>
</testsuite>
